.tmp_android_run2/fitness-rep-counter-gradle/app/intermediates/manifest_merge_blame_file/debug/processDebugMainManifest/manifest-merger-blame-debug-report.txt
1<?xml version="1.0" encoding="utf-8"?>
2<manifest xmlns:android="http://schemas.android.com/apk/res/android"
3    package="com.fitnessrepcounter.wear"
4    android:versionCode="1"
5    android:versionName="1.0" >
6
7    <uses-sdk
8        android:minSdkVersion="30"
9        android:targetSdkVersion="35" />
10
11    <uses-feature android:name="android.hardware.type.watch" />
11-->src\main\AndroidManifest.xml:4:5-64
11-->src\main\AndroidManifest.xml:4:19-61
12    <uses-feature android:name="android.hardware.sensor.accelerometer" />
12-->src\main\AndroidManifest.xml:5:5-74
12-->src\main\AndroidManifest.xml:5:19-71
13    <uses-feature android:name="android.hardware.sensor.gyroscope" />
13-->src\main\AndroidManifest.xml:6:5-70
13-->src\main\AndroidManifest.xml:6:19-67
14
15    <uses-permission android:name="android.permission.VIBRATE" />
15-->src\main\AndroidManifest.xml:8:5-66
15-->src\main\AndroidManifest.xml:8:22-63
16    <uses-permission android:name="com.android.vending.BILLING" />
16-->[com.android.billingclient:billing:8.3.0] AndroidManifest.xml:10:5-67
16-->[com.android.billingclient:billing:8.3.0] AndroidManifest.xml:10:22-64
17
18    <queries>
18-->[com.android.billingclient:billing:8.3.0] AndroidManifest.xml:12:5-19:15
19        <intent>
19-->[com.android.billingclient:billing:8.3.0] AndroidManifest.xml:13:9-15:18
20            <action android:name="com.android.vending.billing.InAppBillingService.BIND" />
20-->[com.android.billingclient:billing:8.3.0] AndroidManifest.xml:14:13-91
20-->[com.android.billingclient:billing:8.3.0] AndroidManifest.xml:14:21-88
21        </intent>
22        <intent>
22-->[com.android.billingclient:billing:8.3.0] AndroidManifest.xml:16:9-18:18
23            <action android:name="com.google.android.apps.play.billingtestcompanion.BillingOverrideService.BIND" />
23-->[com.android.billingclient:billing:8.3.0] AndroidManifest.xml:17:13-116
23-->[com.android.billingclient:billing:8.3.0] AndroidManifest.xml:17:21-113
24        </intent>
25    </queries>
26
27    <permission
27-->[androidx.core:core:1.13.1] AndroidManifest.xml:22:5-24:47
28        android:name="com.fitnessrepcounter.wear.DYNAMIC_RECEIVER_NOT_EXPORTED_PERMISSION"
28-->[androidx.core:core:1.13.1] AndroidManifest.xml:23:9-81
29        android:protectionLevel="signature" />
29-->[androidx.core:core:1.13.1] AndroidManifest.xml:24:9-44
30
31    <uses-permission android:name="com.fitnessrepcounter.wear.DYNAMIC_RECEIVER_NOT_EXPORTED_PERMISSION" /> <!-- Although the *SdkVersion is captured in gradle build files, this is required for non gradle builds -->
31-->[androidx.core:core:1.13.1] AndroidManifest.xml:26:5-97
31-->[androidx.core:core:1.13.1] AndroidManifest.xml:26:22-94
32    <!-- <uses-sdk android:minSdkVersion="14"/> -->
33    <uses-permission android:name="android.permission.ACCESS_NETWORK_STATE" />
33-->[com.google.android.datatransport:transport-backend-cct:3.1.8] AndroidManifest.xml:24:5-79
33-->[com.google.android.datatransport:transport-backend-cct:3.1.8] AndroidManifest.xml:24:22-76
34    <uses-permission android:name="android.permission.INTERNET" />
34-->[com.google.android.datatransport:transport-backend-cct:3.1.8] AndroidManifest.xml:25:5-67
34-->[com.google.android.datatransport:transport-backend-cct:3.1.8] AndroidManifest.xml:25:22-64
35
36    <application
36-->src\main\AndroidManifest.xml:10:5-31:19
37        android:name="com.fitnessrepcounter.wear.FitnessRepCounterApplication"
37-->src\main\AndroidManifest.xml:11:9-53
38        android:allowBackup="false"
38-->src\main\AndroidManifest.xml:12:9-36
39        android:appComponentFactory="androidx.core.app.CoreComponentFactory"
39-->[androidx.core:core:1.13.1] AndroidManifest.xml:28:18-86
40        android:debuggable="true"
41        android:extractNativeLibs="false"
42        android:icon="@mipmap/ic_launcher"
42-->src\main\AndroidManifest.xml:13:9-43
43        android:label="@string/app_name"
43-->src\main\AndroidManifest.xml:14:9-41
44        android:roundIcon="@mipmap/ic_launcher_round"
44-->src\main\AndroidManifest.xml:15:9-54
45        android:supportsRtl="true"
45-->src\main\AndroidManifest.xml:16:9-35
46        android:theme="@android:style/Theme.DeviceDefault" >
46-->src\main\AndroidManifest.xml:17:9-59
47        <meta-data
47-->src\main\AndroidManifest.xml:18:9-20:36
48            android:name="com.google.android.wearable.standalone"
48-->src\main\AndroidManifest.xml:19:13-66
49            android:value="true" />
49-->src\main\AndroidManifest.xml:20:13-33
50
51        <activity
51-->src\main\AndroidManifest.xml:22:9-30:20
52            android:name="com.fitnessrepcounter.wear.MainActivity"
52-->src\main\AndroidManifest.xml:23:13-41
53            android:exported="true" >
53-->src\main\AndroidManifest.xml:24:13-36
54            <intent-filter>
54-->src\main\AndroidManifest.xml:25:13-29:29
55                <action android:name="android.intent.action.MAIN" />
55-->src\main\AndroidManifest.xml:26:17-69
55-->src\main\AndroidManifest.xml:26:25-66
56
57                <category android:name="android.intent.category.LAUNCHER" />
57-->src\main\AndroidManifest.xml:28:17-77
57-->src\main\AndroidManifest.xml:28:27-74
58            </intent-filter>
59        </activity>
60
61        <uses-library
61-->[androidx.wear.compose:compose-foundation:1.4.0] AndroidManifest.xml:23:9-25:40
62            android:name="wear-sdk"
62-->[androidx.wear.compose:compose-foundation:1.4.0] AndroidManifest.xml:24:13-36
63            android:required="false" />
63-->[androidx.wear.compose:compose-foundation:1.4.0] AndroidManifest.xml:25:13-37
64
65        <meta-data
65-->[com.android.billingclient:billing:8.3.0] AndroidManifest.xml:22:9-24:37
66            android:name="com.google.android.play.billingclient.version"
66-->[com.android.billingclient:billing:8.3.0] AndroidManifest.xml:23:13-73
67            android:value="8.3.0" />
67-->[com.android.billingclient:billing:8.3.0] AndroidManifest.xml:24:13-34
68
69        <activity
69-->[com.android.billingclient:billing:8.3.0] AndroidManifest.xml:26:9-30:75
70            android:name="com.android.billingclient.api.ProxyBillingActivity"
70-->[com.android.billingclient:billing:8.3.0] AndroidManifest.xml:27:13-78
71            android:configChanges="keyboard|keyboardHidden|screenLayout|screenSize|orientation"
71-->[com.android.billingclient:billing:8.3.0] AndroidManifest.xml:28:13-96
72            android:exported="false"
72-->[com.android.billingclient:billing:8.3.0] AndroidManifest.xml:29:13-37
73            android:theme="@android:style/Theme.Translucent.NoTitleBar" />
73-->[com.android.billingclient:billing:8.3.0] AndroidManifest.xml:30:13-72
74        <activity
74-->[com.android.billingclient:billing:8.3.0] AndroidManifest.xml:31:9-35:75
75            android:name="com.android.billingclient.api.ProxyBillingActivityV2"
75-->[com.android.billingclient:billing:8.3.0] AndroidManifest.xml:32:13-80
76            android:configChanges="keyboard|keyboardHidden|screenLayout|screenSize|orientation"
76-->[com.android.billingclient:billing:8.3.0] AndroidManifest.xml:33:13-96
77            android:exported="false"
77-->[com.android.billingclient:billing:8.3.0] AndroidManifest.xml:34:13-37
78            android:theme="@android:style/Theme.Translucent.NoTitleBar" />
78-->[com.android.billingclient:billing:8.3.0] AndroidManifest.xml:35:13-72
79        <activity
79-->[com.google.android.gms:play-services-base:18.5.0] AndroidManifest.xml:5:9-173
80            android:name="com.google.android.gms.common.api.GoogleApiActivity"
80-->[com.google.android.gms:play-services-base:18.5.0] AndroidManifest.xml:5:19-85
81            android:exported="false"
81-->[com.google.android.gms:play-services-base:18.5.0] AndroidManifest.xml:5:146-170
82            android:theme="@android:style/Theme.Translucent.NoTitleBar" />
82-->[com.google.android.gms:play-services-base:18.5.0] AndroidManifest.xml:5:86-145
83
84        <meta-data
84-->[com.google.android.gms:play-services-basement:18.9.0] AndroidManifest.xml:21:9-23:69
85            android:name="com.google.android.gms.version"
85-->[com.google.android.gms:play-services-basement:18.9.0] AndroidManifest.xml:22:13-58
86            android:value="@integer/google_play_services_version" />
86-->[com.google.android.gms:play-services-basement:18.9.0] AndroidManifest.xml:23:13-66
87
88        <activity
88-->[androidx.compose.ui:ui-test-manifest:1.7.0] AndroidManifest.xml:23:9-25:39
89            android:name="androidx.activity.ComponentActivity"
89-->[androidx.compose.ui:ui-test-manifest:1.7.0] AndroidManifest.xml:24:13-63
90            android:exported="true" />
90-->[androidx.compose.ui:ui-test-manifest:1.7.0] AndroidManifest.xml:25:13-36
91
92        <provider
92-->[androidx.emoji2:emoji2:1.3.0] AndroidManifest.xml:24:9-32:20
93            android:name="androidx.startup.InitializationProvider"
93-->[androidx.emoji2:emoji2:1.3.0] AndroidManifest.xml:25:13-67
94            android:authorities="com.fitnessrepcounter.wear.androidx-startup"
94-->[androidx.emoji2:emoji2:1.3.0] AndroidManifest.xml:26:13-68
95            android:exported="false" >
95-->[androidx.emoji2:emoji2:1.3.0] AndroidManifest.xml:27:13-37
96            <meta-data
96-->[androidx.emoji2:emoji2:1.3.0] AndroidManifest.xml:29:13-31:52
97                android:name="androidx.emoji2.text.EmojiCompatInitializer"
97-->[androidx.emoji2:emoji2:1.3.0] AndroidManifest.xml:30:17-75
98                android:value="androidx.startup" />
98-->[androidx.emoji2:emoji2:1.3.0] AndroidManifest.xml:31:17-49
99            <meta-data
99-->[androidx.lifecycle:lifecycle-process:2.8.3] AndroidManifest.xml:29:13-31:52
100                android:name="androidx.lifecycle.ProcessLifecycleInitializer"
100-->[androidx.lifecycle:lifecycle-process:2.8.3] AndroidManifest.xml:30:17-78
101                android:value="androidx.startup" />
101-->[androidx.lifecycle:lifecycle-process:2.8.3] AndroidManifest.xml:31:17-49
102            <meta-data
102-->[androidx.profileinstaller:profileinstaller:1.3.1] AndroidManifest.xml:29:13-31:52
103                android:name="androidx.profileinstaller.ProfileInstallerInitializer"
103-->[androidx.profileinstaller:profileinstaller:1.3.1] AndroidManifest.xml:30:17-85
104                android:value="androidx.startup" />
104-->[androidx.profileinstaller:profileinstaller:1.3.1] AndroidManifest.xml:31:17-49
105        </provider>
106
107        <activity
107-->[androidx.compose.ui:ui-tooling-android:1.7.0] AndroidManifest.xml:23:9-25:39
108            android:name="androidx.compose.ui.tooling.PreviewActivity"
108-->[androidx.compose.ui:ui-tooling-android:1.7.0] AndroidManifest.xml:24:13-71
109            android:exported="true" />
109-->[androidx.compose.ui:ui-tooling-android:1.7.0] AndroidManifest.xml:25:13-36
110
111        <service
111-->[androidx.room:room-runtime:2.6.1] AndroidManifest.xml:24:9-28:63
112            android:name="androidx.room.MultiInstanceInvalidationService"
112-->[androidx.room:room-runtime:2.6.1] AndroidManifest.xml:25:13-74
113            android:directBootAware="true"
113-->[androidx.room:room-runtime:2.6.1] AndroidManifest.xml:26:13-43
114            android:exported="false" />
114-->[androidx.room:room-runtime:2.6.1] AndroidManifest.xml:27:13-37
115
116        <receiver
116-->[androidx.profileinstaller:profileinstaller:1.3.1] AndroidManifest.xml:34:9-52:20
117            android:name="androidx.profileinstaller.ProfileInstallReceiver"
117-->[androidx.profileinstaller:profileinstaller:1.3.1] AndroidManifest.xml:35:13-76
118            android:directBootAware="false"
118-->[androidx.profileinstaller:profileinstaller:1.3.1] AndroidManifest.xml:36:13-44
119            android:enabled="true"
119-->[androidx.profileinstaller:profileinstaller:1.3.1] AndroidManifest.xml:37:13-35
120            android:exported="true"
120-->[androidx.profileinstaller:profileinstaller:1.3.1] AndroidManifest.xml:38:13-36
121            android:permission="android.permission.DUMP" >
121-->[androidx.profileinstaller:profileinstaller:1.3.1] AndroidManifest.xml:39:13-57
122            <intent-filter>
122-->[androidx.profileinstaller:profileinstaller:1.3.1] AndroidManifest.xml:40:13-42:29
123                <action android:name="androidx.profileinstaller.action.INSTALL_PROFILE" />
123-->[androidx.profileinstaller:profileinstaller:1.3.1] AndroidManifest.xml:41:17-91
123-->[androidx.profileinstaller:profileinstaller:1.3.1] AndroidManifest.xml:41:25-88
124            </intent-filter>
125            <intent-filter>
125-->[androidx.profileinstaller:profileinstaller:1.3.1] AndroidManifest.xml:43:13-45:29
126                <action android:name="androidx.profileinstaller.action.SKIP_FILE" />
126-->[androidx.profileinstaller:profileinstaller:1.3.1] AndroidManifest.xml:44:17-85
126-->[androidx.profileinstaller:profileinstaller:1.3.1] AndroidManifest.xml:44:25-82
127            </intent-filter>
128            <intent-filter>
128-->[androidx.profileinstaller:profileinstaller:1.3.1] AndroidManifest.xml:46:13-48:29
129                <action android:name="androidx.profileinstaller.action.SAVE_PROFILE" />
129-->[androidx.profileinstaller:profileinstaller:1.3.1] AndroidManifest.xml:47:17-88
129-->[androidx.profileinstaller:profileinstaller:1.3.1] AndroidManifest.xml:47:25-85
130            </intent-filter>
131            <intent-filter>
131-->[androidx.profileinstaller:profileinstaller:1.3.1] AndroidManifest.xml:49:13-51:29
132                <action android:name="androidx.profileinstaller.action.BENCHMARK_OPERATION" />
132-->[androidx.profileinstaller:profileinstaller:1.3.1] AndroidManifest.xml:50:17-95
132-->[androidx.profileinstaller:profileinstaller:1.3.1] AndroidManifest.xml:50:25-92
133            </intent-filter>
134        </receiver>
135
136        <service
136-->[com.google.android.datatransport:transport-backend-cct:3.1.8] AndroidManifest.xml:28:9-34:19
137            android:name="com.google.android.datatransport.runtime.backends.TransportBackendDiscovery"
137-->[com.google.android.datatransport:transport-backend-cct:3.1.8] AndroidManifest.xml:29:13-103
138            android:exported="false" >
138-->[com.google.android.datatransport:transport-backend-cct:3.1.8] AndroidManifest.xml:30:13-37
139            <meta-data
139-->[com.google.android.datatransport:transport-backend-cct:3.1.8] AndroidManifest.xml:31:13-33:39
140                android:name="backend:com.google.android.datatransport.cct.CctBackendFactory"
140-->[com.google.android.datatransport:transport-backend-cct:3.1.8] AndroidManifest.xml:32:17-94
141                android:value="cct" />
141-->[com.google.android.datatransport:transport-backend-cct:3.1.8] AndroidManifest.xml:33:17-36
142        </service>
143        <service
143-->[com.google.android.datatransport:transport-runtime:3.1.8] AndroidManifest.xml:26:9-30:19
144            android:name="com.google.android.datatransport.runtime.scheduling.jobscheduling.JobInfoSchedulerService"
144-->[com.google.android.datatransport:transport-runtime:3.1.8] AndroidManifest.xml:27:13-117
145            android:exported="false"
145-->[com.google.android.datatransport:transport-runtime:3.1.8] AndroidManifest.xml:28:13-37
146            android:permission="android.permission.BIND_JOB_SERVICE" >
146-->[com.google.android.datatransport:transport-runtime:3.1.8] AndroidManifest.xml:29:13-69
147        </service>
148
149        <receiver
149-->[com.google.android.datatransport:transport-runtime:3.1.8] AndroidManifest.xml:32:9-34:40
150            android:name="com.google.android.datatransport.runtime.scheduling.jobscheduling.AlarmManagerSchedulerBroadcastReceiver"
150-->[com.google.android.datatransport:transport-runtime:3.1.8] AndroidManifest.xml:33:13-132
151            android:exported="false" />
151-->[com.google.android.datatransport:transport-runtime:3.1.8] AndroidManifest.xml:34:13-37
152    </application>
153
154</manifest>